<?xml version="1.0" encoding="UTF-8"?>
<testsuite name="acctMgr.test.AccountListTest" tests="6" skipped="0" failures="0" errors="0" timestamp="2025-07-08T07:05:28.545Z" hostname="PALLADA" time="0.005">
  <properties/>
  <testcase name="testLoad()" classname="acctMgr.test.AccountListTest" time="0.001"/>
  <testcase name="testAddAccount()" classname="acctMgr.test.AccountListTest" time="0.001"/>
  <testcase name="testRemoveAccount()" classname="acctMgr.test.AccountListTest" time="0.001"/>
  <testcase name="testLoad()" classname="acctMgr.test.AccountListTest" time="0.0"/>
  <testcase name="testAddAccount()" classname="acctMgr.test.AccountListTest" time="0.001"/>
  <testcase name="testRemoveAccount()" classname="acctMgr.test.AccountListTest" time="0.0"/>
  <system-out><![CDATA[Jake 437 3299.65
Jake 437 3299.65
]]></system-out>
  <system-err><![CDATA[]]></system-err>
</testsuite>
